2018-06-27 21:56:14.612  INFO 220 --- [restartedMain] com.eee27go.gotech.GotechApplication     : Starting GotechApplication on eee27-PC with PID 220 (E:\WorkSpace\web\gotech\out\production\classes started by eee27 in E:\WorkSpace\web\gotech)
2018-06-27 21:56:14.613  INFO 220 --- [restartedMain] com.eee27go.gotech.GotechApplication     : No active profile set, falling back to default profiles: default
2018-06-27 21:56:14.657  INFO 220 --- [restartedMain] ConfigServletWebServerApplicationContext : Refreshing org.springframework.boot.web.servlet.context.AnnotationConfigServletWebServerApplicationContext@4b025277: startup date [Wed Jun 27 21:56:14 CST 2018]; root of context hierarchy
2018-06-27 21:56:15.429  WARN 220 --- [restartedMain] o.m.s.mapper.ClassPathMapperScanner      : No MyBatis mapper was found in '[com.eee27go.gotech]' package. Please check your configuration.
2018-06-27 21:56:16.245  INFO 220 --- [restartedMain] o.s.b.w.embedded.tomcat.TomcatWebServer  : Tomcat initialized with port(s): 27270 (http)
2018-06-27 21:56:16.270  INFO 220 --- [restartedMain] o.apache.catalina.core.StandardService   : Starting service [Tomcat]
2018-06-27 21:56:16.270  INFO 220 --- [restartedMain] org.apache.catalina.core.StandardEngine  : Starting Servlet Engine: Apache Tomcat/8.5.31
2018-06-27 21:56:16.273  INFO 220 --- [localhost-startStop-1] o.a.catalina.core.AprLifecycleListener   : The APR based Apache Tomcat Native library which allows optimal performance in production environments was not found on the java.library.path: [D:\Program Files\Java\jdk1.8.0_112\bin;C:\WINDOWS\Sun\Java\bin;C:\WINDOWS\system32;C:\WINDOWS;C:\Program Files (x86)\Common Files\Oracle\Java\javapath;C:\ProgramData\Oracle\Java\javapath;C:\WINDOWS\system32;C:\WINDOWS;C:\WINDOWS\System32\Wbem;C:\WINDOWS\System32\WindowsPowerShell\v1.0\;C:\Program Files (x86)\NVIDIA Corporation\PhysX\Common;C:\Program Files\Microsoft SQL Server\130\Tools\Binn\;C:\Program Files (x86)\GtkSharp\2.12\bin;C:\Program Files\dotnet\;C:\WINDOWS\system32;C:\WINDOWS;C:\WINDOWS\System32\Wbem;C:\WINDOWS\System32\WindowsPowerShell\v1.0\;C:\WINDOWS\System32\OpenSSH\;C:\Program Files\Git\cmd;C:\Users\eee27\AppData\Local\Microsoft\WindowsApps;;C:\Program Files (x86)\Microsoft VS Code\bin;.]
2018-06-27 21:56:16.382  INFO 220 --- [localhost-startStop-1] o.a.c.c.C.[Tomcat].[localhost].[/]       : Initializing Spring embedded WebApplicationContext
2018-06-27 21:56:16.382  INFO 220 --- [localhost-startStop-1] o.s.web.context.ContextLoader            : Root WebApplicationContext: initialization completed in 1725 ms
2018-06-27 21:56:16.575  INFO 220 --- [localhost-startStop-1] o.s.b.w.servlet.ServletRegistrationBean  : Servlet dispatcherServlet mapped to [/]
2018-06-27 21:56:16.579  INFO 220 --- [localhost-startStop-1] o.s.b.w.servlet.FilterRegistrationBean   : Mapping filter: 'characterEncodingFilter' to: [/*]
2018-06-27 21:56:16.579  INFO 220 --- [localhost-startStop-1] o.s.b.w.servlet.FilterRegistrationBean   : Mapping filter: 'hiddenHttpMethodFilter' to: [/*]
2018-06-27 21:56:16.579  INFO 220 --- [localhost-startStop-1] o.s.b.w.servlet.FilterRegistrationBean   : Mapping filter: 'httpPutFormContentFilter' to: [/*]
2018-06-27 21:56:16.579  INFO 220 --- [localhost-startStop-1] o.s.b.w.servlet.FilterRegistrationBean   : Mapping filter: 'requestContextFilter' to: [/*]
2018-06-27 21:56:16.735  INFO 220 --- [restartedMain] o.s.w.s.handler.SimpleUrlHandlerMapping  : Mapped URL path [/**/favicon.ico] onto handler of type [class org.springframework.web.servlet.resource.ResourceHttpRequestHandler]
2018-06-27 21:56:17.067  INFO 220 --- [restartedMain] s.w.s.m.m.a.RequestMappingHandlerAdapter : Looking for @ControllerAdvice: org.springframework.boot.web.servlet.context.AnnotationConfigServletWebServerApplicationContext@4b025277: startup date [Wed Jun 27 21:56:14 CST 2018]; root of context hierarchy
2018-06-27 21:56:17.131  INFO 220 --- [restartedMain] s.w.s.m.m.a.RequestMappingHandlerMapping : Mapped "{[/error]}" onto public java.lang.String com.eee27go.gotech.Controller.CoreController.CoreErrorController.error(javax.servlet.http.HttpServletRequest)
2018-06-27 21:56:17.132  INFO 220 --- [restartedMain] s.w.s.m.m.a.RequestMappingHandlerMapping : Mapped "{[/start]}" onto public java.lang.String com.eee27go.gotech.FuckController.hello(javax.servlet.http.HttpServletRequest)
2018-06-27 21:56:17.180  INFO 220 --- [restartedMain] o.s.w.s.handler.SimpleUrlHandlerMapping  : Mapped URL path [/webjars/**] onto handler of type [class org.springframework.web.servlet.resource.ResourceHttpRequestHandler]
2018-06-27 21:56:17.180  INFO 220 --- [restartedMain] o.s.w.s.handler.SimpleUrlHandlerMapping  : Mapped URL path [/**] onto handler of type [class org.springframework.web.servlet.resource.ResourceHttpRequestHandler]
2018-06-27 21:56:17.229  INFO 220 --- [restartedMain] o.s.b.a.w.s.WelcomePageHandlerMapping    : Adding welcome page: class path resource [static/index.html]
2018-06-27 21:56:17.810  INFO 220 --- [restartedMain] o.s.b.d.a.OptionalLiveReloadServer       : LiveReload server is running on port 35729
2018-06-27 21:56:17.835  INFO 220 --- [restartedMain] o.s.j.e.a.AnnotationMBeanExporter        : Registering beans for JMX exposure on startup
2018-06-27 21:56:17.836  INFO 220 --- [restartedMain] o.s.j.e.a.AnnotationMBeanExporter        : Bean with name 'dataSource' has been autodetected for JMX exposure
2018-06-27 21:56:17.840  INFO 220 --- [restartedMain] o.s.j.e.a.AnnotationMBeanExporter        : Located MBean 'dataSource': registering with JMX server as MBean [com.zaxxer.hikari:name=dataSource,type=HikariDataSource]
2018-06-27 21:56:17.875  INFO 220 --- [restartedMain] o.s.b.w.embedded.tomcat.TomcatWebServer  : Tomcat started on port(s): 27270 (http) with context path ''
2018-06-27 21:56:17.880  INFO 220 --- [restartedMain] com.eee27go.gotech.GotechApplication     : Started GotechApplication in 3.956 seconds (JVM running for 4.882)
2018-06-27 21:56:20.783  INFO 220 --- [http-nio-27270-exec-4] o.a.c.c.C.[Tomcat].[localhost].[/]       : Initializing Spring FrameworkServlet 'dispatcherServlet'
2018-06-27 21:56:20.784  INFO 220 --- [http-nio-27270-exec-4] o.s.web.servlet.DispatcherServlet        : FrameworkServlet 'dispatcherServlet': initialization started
2018-06-27 21:56:20.812  INFO 220 --- [http-nio-27270-exec-4] o.s.web.servlet.DispatcherServlet        : FrameworkServlet 'dispatcherServlet': initialization completed in 28 ms
2018-06-27 22:10:33.156  INFO 1244 --- [restartedMain] com.eee27go.gotech.GotechApplication     : Starting GotechApplication on eee27-PC with PID 1244 (E:\WorkSpace\web\gotech\out\production\classes started by eee27 in E:\WorkSpace\web\gotech)
2018-06-27 22:10:33.157  INFO 1244 --- [restartedMain] com.eee27go.gotech.GotechApplication     : No active profile set, falling back to default profiles: default
2018-06-27 22:10:33.204  INFO 1244 --- [restartedMain] ConfigServletWebServerApplicationContext : Refreshing org.springframework.boot.web.servlet.context.AnnotationConfigServletWebServerApplicationContext@4ebc8d3a: startup date [Wed Jun 27 22:10:33 CST 2018]; root of context hierarchy
2018-06-27 22:10:34.057  WARN 1244 --- [restartedMain] o.m.s.mapper.ClassPathMapperScanner      : No MyBatis mapper was found in '[com.eee27go.gotech]' package. Please check your configuration.
2018-06-27 22:10:34.705  INFO 1244 --- [restartedMain] o.s.b.w.embedded.tomcat.TomcatWebServer  : Tomcat initialized with port(s): 27270 (http)
2018-06-27 22:10:34.726  INFO 1244 --- [restartedMain] o.apache.catalina.core.StandardService   : Starting service [Tomcat]
2018-06-27 22:10:34.726  INFO 1244 --- [restartedMain] org.apache.catalina.core.StandardEngine  : Starting Servlet Engine: Apache Tomcat/8.5.31
2018-06-27 22:10:34.729  INFO 1244 --- [localhost-startStop-1] o.a.catalina.core.AprLifecycleListener   : The APR based Apache Tomcat Native library which allows optimal performance in production environments was not found on the java.library.path: [D:\Program Files\Java\jdk1.8.0_112\bin;C:\WINDOWS\Sun\Java\bin;C:\WINDOWS\system32;C:\WINDOWS;C:\Program Files (x86)\Common Files\Oracle\Java\javapath;C:\ProgramData\Oracle\Java\javapath;C:\WINDOWS\system32;C:\WINDOWS;C:\WINDOWS\System32\Wbem;C:\WINDOWS\System32\WindowsPowerShell\v1.0\;C:\Program Files (x86)\NVIDIA Corporation\PhysX\Common;C:\Program Files\Microsoft SQL Server\130\Tools\Binn\;C:\Program Files (x86)\GtkSharp\2.12\bin;C:\Program Files\dotnet\;C:\WINDOWS\system32;C:\WINDOWS;C:\WINDOWS\System32\Wbem;C:\WINDOWS\System32\WindowsPowerShell\v1.0\;C:\WINDOWS\System32\OpenSSH\;C:\Program Files\Git\cmd;C:\Users\eee27\AppData\Local\Microsoft\WindowsApps;;C:\Program Files (x86)\Microsoft VS Code\bin;.]
2018-06-27 22:10:34.833  INFO 1244 --- [localhost-startStop-1] o.a.c.c.C.[Tomcat].[localhost].[/]       : Initializing Spring embedded WebApplicationContext
2018-06-27 22:10:34.833  INFO 1244 --- [localhost-startStop-1] o.s.web.context.ContextLoader            : Root WebApplicationContext: initialization completed in 1629 ms
2018-06-27 22:10:34.957  INFO 1244 --- [localhost-startStop-1] o.s.b.w.servlet.ServletRegistrationBean  : Servlet dispatcherServlet mapped to [/]
2018-06-27 22:10:34.961  INFO 1244 --- [localhost-startStop-1] o.s.b.w.servlet.FilterRegistrationBean   : Mapping filter: 'characterEncodingFilter' to: [/*]
2018-06-27 22:10:34.962  INFO 1244 --- [localhost-startStop-1] o.s.b.w.servlet.FilterRegistrationBean   : Mapping filter: 'hiddenHttpMethodFilter' to: [/*]
2018-06-27 22:10:34.962  INFO 1244 --- [localhost-startStop-1] o.s.b.w.servlet.FilterRegistrationBean   : Mapping filter: 'httpPutFormContentFilter' to: [/*]
2018-06-27 22:10:34.962  INFO 1244 --- [localhost-startStop-1] o.s.b.w.servlet.FilterRegistrationBean   : Mapping filter: 'requestContextFilter' to: [/*]
2018-06-27 22:10:35.056  INFO 1244 --- [restartedMain] o.s.w.s.handler.SimpleUrlHandlerMapping  : Mapped URL path [/**/favicon.ico] onto handler of type [class org.springframework.web.servlet.resource.ResourceHttpRequestHandler]
2018-06-27 22:10:35.228  INFO 1244 --- [restartedMain] s.w.s.m.m.a.RequestMappingHandlerAdapter : Looking for @ControllerAdvice: org.springframework.boot.web.servlet.context.AnnotationConfigServletWebServerApplicationContext@4ebc8d3a: startup date [Wed Jun 27 22:10:33 CST 2018]; root of context hierarchy
2018-06-27 22:10:35.275  INFO 1244 --- [restartedMain] s.w.s.m.m.a.RequestMappingHandlerMapping : Mapped "{[/error]}" onto public java.lang.String com.eee27go.gotech.Controller.CoreController.CoreErrorController.error(javax.servlet.http.HttpServletRequest)
2018-06-27 22:10:35.276  INFO 1244 --- [restartedMain] s.w.s.m.m.a.RequestMappingHandlerMapping : Mapped "{[/start]}" onto public java.lang.String com.eee27go.gotech.FuckController.hello(javax.servlet.http.HttpServletRequest)
2018-06-27 22:10:35.299  INFO 1244 --- [restartedMain] o.s.w.s.handler.SimpleUrlHandlerMapping  : Mapped URL path [/webjars/**] onto handler of type [class org.springframework.web.servlet.resource.ResourceHttpRequestHandler]
2018-06-27 22:10:35.300  INFO 1244 --- [restartedMain] o.s.w.s.handler.SimpleUrlHandlerMapping  : Mapped URL path [/**] onto handler of type [class org.springframework.web.servlet.resource.ResourceHttpRequestHandler]
2018-06-27 22:10:35.337  INFO 1244 --- [restartedMain] o.s.b.a.w.s.WelcomePageHandlerMapping    : Adding welcome page: class path resource [static/index.html]
2018-06-27 22:10:35.654  INFO 1244 --- [restartedMain] o.s.b.d.a.OptionalLiveReloadServer       : LiveReload server is running on port 35729
2018-06-27 22:10:35.676  INFO 1244 --- [restartedMain] o.s.j.e.a.AnnotationMBeanExporter        : Registering beans for JMX exposure on startup
2018-06-27 22:10:35.677  INFO 1244 --- [restartedMain] o.s.j.e.a.AnnotationMBeanExporter        : Bean with name 'dataSource' has been autodetected for JMX exposure
2018-06-27 22:10:35.681  INFO 1244 --- [restartedMain] o.s.j.e.a.AnnotationMBeanExporter        : Located MBean 'dataSource': registering with JMX server as MBean [com.zaxxer.hikari:name=dataSource,type=HikariDataSource]
2018-06-27 22:10:35.710  INFO 1244 --- [restartedMain] o.s.b.w.embedded.tomcat.TomcatWebServer  : Tomcat started on port(s): 27270 (http) with context path ''
2018-06-27 22:10:35.714  INFO 1244 --- [restartedMain] com.eee27go.gotech.GotechApplication     : Started GotechApplication in 3.074 seconds (JVM running for 4.069)
2018-06-27 22:10:38.937  INFO 1244 --- [http-nio-27270-exec-1] o.a.c.c.C.[Tomcat].[localhost].[/]       : Initializing Spring FrameworkServlet 'dispatcherServlet'
2018-06-27 22:10:38.937  INFO 1244 --- [http-nio-27270-exec-1] o.s.web.servlet.DispatcherServlet        : FrameworkServlet 'dispatcherServlet': initialization started
2018-06-27 22:10:38.955  INFO 1244 --- [http-nio-27270-exec-1] o.s.web.servlet.DispatcherServlet        : FrameworkServlet 'dispatcherServlet': initialization completed in 18 ms
2018-06-27 22:11:21.487  INFO 8292 --- [restartedMain] com.eee27go.gotech.GotechApplication     : Starting GotechApplication on eee27-PC with PID 8292 (E:\WorkSpace\web\gotech\out\production\classes started by eee27 in E:\WorkSpace\web\gotech)
2018-06-27 22:11:21.490  INFO 8292 --- [restartedMain] com.eee27go.gotech.GotechApplication     : No active profile set, falling back to default profiles: default
2018-06-27 22:11:21.553  INFO 8292 --- [restartedMain] ConfigServletWebServerApplicationContext : Refreshing org.springframework.boot.web.servlet.context.AnnotationConfigServletWebServerApplicationContext@5b3d193e: startup date [Wed Jun 27 22:11:21 CST 2018]; root of context hierarchy
2018-06-27 22:11:22.373  WARN 8292 --- [restartedMain] o.m.s.mapper.ClassPathMapperScanner      : No MyBatis mapper was found in '[com.eee27go.gotech]' package. Please check your configuration.
2018-06-27 22:11:23.055  INFO 8292 --- [restartedMain] o.s.b.w.embedded.tomcat.TomcatWebServer  : Tomcat initialized with port(s): 27270 (http)
2018-06-27 22:11:23.076  INFO 8292 --- [restartedMain] o.apache.catalina.core.StandardService   : Starting service [Tomcat]
2018-06-27 22:11:23.076  INFO 8292 --- [restartedMain] org.apache.catalina.core.StandardEngine  : Starting Servlet Engine: Apache Tomcat/8.5.31
2018-06-27 22:11:23.079  INFO 8292 --- [localhost-startStop-1] o.a.catalina.core.AprLifecycleListener   : The APR based Apache Tomcat Native library which allows optimal performance in production environments was not found on the java.library.path: [D:\Program Files\Java\jdk1.8.0_112\bin;C:\WINDOWS\Sun\Java\bin;C:\WINDOWS\system32;C:\WINDOWS;C:\Program Files (x86)\Common Files\Oracle\Java\javapath;C:\ProgramData\Oracle\Java\javapath;C:\WINDOWS\system32;C:\WINDOWS;C:\WINDOWS\System32\Wbem;C:\WINDOWS\System32\WindowsPowerShell\v1.0\;C:\Program Files (x86)\NVIDIA Corporation\PhysX\Common;C:\Program Files\Microsoft SQL Server\130\Tools\Binn\;C:\Program Files (x86)\GtkSharp\2.12\bin;C:\Program Files\dotnet\;C:\WINDOWS\system32;C:\WINDOWS;C:\WINDOWS\System32\Wbem;C:\WINDOWS\System32\WindowsPowerShell\v1.0\;C:\WINDOWS\System32\OpenSSH\;C:\Program Files\Git\cmd;C:\Users\eee27\AppData\Local\Microsoft\WindowsApps;;C:\Program Files (x86)\Microsoft VS Code\bin;.]
2018-06-27 22:11:23.185  INFO 8292 --- [localhost-startStop-1] o.a.c.c.C.[Tomcat].[localhost].[/]       : Initializing Spring embedded WebApplicationContext
2018-06-27 22:11:23.185  INFO 8292 --- [localhost-startStop-1] o.s.web.context.ContextLoader            : Root WebApplicationContext: initialization completed in 1632 ms
2018-06-27 22:11:23.302  INFO 8292 --- [localhost-startStop-1] o.s.b.w.servlet.ServletRegistrationBean  : Servlet dispatcherServlet mapped to [/]
2018-06-27 22:11:23.306  INFO 8292 --- [localhost-startStop-1] o.s.b.w.servlet.FilterRegistrationBean   : Mapping filter: 'characterEncodingFilter' to: [/*]
2018-06-27 22:11:23.307  INFO 8292 --- [localhost-startStop-1] o.s.b.w.servlet.FilterRegistrationBean   : Mapping filter: 'hiddenHttpMethodFilter' to: [/*]
2018-06-27 22:11:23.307  INFO 8292 --- [localhost-startStop-1] o.s.b.w.servlet.FilterRegistrationBean   : Mapping filter: 'httpPutFormContentFilter' to: [/*]
2018-06-27 22:11:23.307  INFO 8292 --- [localhost-startStop-1] o.s.b.w.servlet.FilterRegistrationBean   : Mapping filter: 'requestContextFilter' to: [/*]
2018-06-27 22:11:23.404  INFO 8292 --- [restartedMain] o.s.w.s.handler.SimpleUrlHandlerMapping  : Mapped URL path [/**/favicon.ico] onto handler of type [class org.springframework.web.servlet.resource.ResourceHttpRequestHandler]
2018-06-27 22:11:23.579  INFO 8292 --- [restartedMain] s.w.s.m.m.a.RequestMappingHandlerAdapter : Looking for @ControllerAdvice: org.springframework.boot.web.servlet.context.AnnotationConfigServletWebServerApplicationContext@5b3d193e: startup date [Wed Jun 27 22:11:21 CST 2018]; root of context hierarchy
2018-06-27 22:11:23.631  INFO 8292 --- [restartedMain] s.w.s.m.m.a.RequestMappingHandlerMapping : Mapped "{[/error]}" onto public java.lang.String com.eee27go.gotech.Controller.CoreController.CoreErrorController.error(javax.servlet.http.HttpServletRequest)
2018-06-27 22:11:23.632  INFO 8292 --- [restartedMain] s.w.s.m.m.a.RequestMappingHandlerMapping : Mapped "{[/start]}" onto public java.lang.String com.eee27go.gotech.FuckController.hello(javax.servlet.http.HttpServletRequest)
2018-06-27 22:11:23.656  INFO 8292 --- [restartedMain] o.s.w.s.handler.SimpleUrlHandlerMapping  : Mapped URL path [/webjars/**] onto handler of type [class org.springframework.web.servlet.resource.ResourceHttpRequestHandler]
2018-06-27 22:11:23.656  INFO 8292 --- [restartedMain] o.s.w.s.handler.SimpleUrlHandlerMapping  : Mapped URL path [/**] onto handler of type [class org.springframework.web.servlet.resource.ResourceHttpRequestHandler]
2018-06-27 22:11:23.696  INFO 8292 --- [restartedMain] o.s.b.a.w.s.WelcomePageHandlerMapping    : Adding welcome page: class path resource [static/index.html]
2018-06-27 22:11:24.006  INFO 8292 --- [restartedMain] o.s.b.d.a.OptionalLiveReloadServer       : LiveReload server is running on port 35729
2018-06-27 22:11:24.027  INFO 8292 --- [restartedMain] o.s.j.e.a.AnnotationMBeanExporter        : Registering beans for JMX exposure on startup
2018-06-27 22:11:24.028  INFO 8292 --- [restartedMain] o.s.j.e.a.AnnotationMBeanExporter        : Bean with name 'dataSource' has been autodetected for JMX exposure
2018-06-27 22:11:24.033  INFO 8292 --- [restartedMain] o.s.j.e.a.AnnotationMBeanExporter        : Located MBean 'dataSource': registering with JMX server as MBean [com.zaxxer.hikari:name=dataSource,type=HikariDataSource]
2018-06-27 22:11:24.061  INFO 8292 --- [restartedMain] o.s.b.w.embedded.tomcat.TomcatWebServer  : Tomcat started on port(s): 27270 (http) with context path ''
2018-06-27 22:11:24.064  INFO 8292 --- [restartedMain] com.eee27go.gotech.GotechApplication     : Started GotechApplication in 3.03 seconds (JVM running for 4.022)
2018-06-27 22:11:26.352  INFO 8292 --- [http-nio-27270-exec-1] o.a.c.c.C.[Tomcat].[localhost].[/]       : Initializing Spring FrameworkServlet 'dispatcherServlet'
2018-06-27 22:11:26.352  INFO 8292 --- [http-nio-27270-exec-1] o.s.web.servlet.DispatcherServlet        : FrameworkServlet 'dispatcherServlet': initialization started
2018-06-27 22:11:26.370  INFO 8292 --- [http-nio-27270-exec-1] o.s.web.servlet.DispatcherServlet        : FrameworkServlet 'dispatcherServlet': initialization completed in 18 ms
2018-06-27 22:12:02.776  INFO 744 --- [restartedMain] com.eee27go.gotech.GotechApplication     : Starting GotechApplication on eee27-PC with PID 744 (E:\WorkSpace\web\gotech\out\production\classes started by eee27 in E:\WorkSpace\web\gotech)
2018-06-27 22:12:02.777  INFO 744 --- [restartedMain] com.eee27go.gotech.GotechApplication     : No active profile set, falling back to default profiles: default
2018-06-27 22:12:02.849  INFO 744 --- [restartedMain] ConfigServletWebServerApplicationContext : Refreshing org.springframework.boot.web.servlet.context.AnnotationConfigServletWebServerApplicationContext@459e3de8: startup date [Wed Jun 27 22:12:02 CST 2018]; root of context hierarchy
2018-06-27 22:12:03.679  WARN 744 --- [restartedMain] o.m.s.mapper.ClassPathMapperScanner      : No MyBatis mapper was found in '[com.eee27go.gotech]' package. Please check your configuration.
2018-06-27 22:12:04.388  INFO 744 --- [restartedMain] o.s.b.w.embedded.tomcat.TomcatWebServer  : Tomcat initialized with port(s): 27270 (http)
2018-06-27 22:12:04.411  INFO 744 --- [restartedMain] o.apache.catalina.core.StandardService   : Starting service [Tomcat]
2018-06-27 22:12:04.411  INFO 744 --- [restartedMain] org.apache.catalina.core.StandardEngine  : Starting Servlet Engine: Apache Tomcat/8.5.31
2018-06-27 22:12:04.414  INFO 744 --- [localhost-startStop-1] o.a.catalina.core.AprLifecycleListener   : The APR based Apache Tomcat Native library which allows optimal performance in production environments was not found on the java.library.path: [D:\Program Files\Java\jdk1.8.0_112\bin;C:\WINDOWS\Sun\Java\bin;C:\WINDOWS\system32;C:\WINDOWS;C:\Program Files (x86)\Common Files\Oracle\Java\javapath;C:\ProgramData\Oracle\Java\javapath;C:\WINDOWS\system32;C:\WINDOWS;C:\WINDOWS\System32\Wbem;C:\WINDOWS\System32\WindowsPowerShell\v1.0\;C:\Program Files (x86)\NVIDIA Corporation\PhysX\Common;C:\Program Files\Microsoft SQL Server\130\Tools\Binn\;C:\Program Files (x86)\GtkSharp\2.12\bin;C:\Program Files\dotnet\;C:\WINDOWS\system32;C:\WINDOWS;C:\WINDOWS\System32\Wbem;C:\WINDOWS\System32\WindowsPowerShell\v1.0\;C:\WINDOWS\System32\OpenSSH\;C:\Program Files\Git\cmd;C:\Users\eee27\AppData\Local\Microsoft\WindowsApps;;C:\Program Files (x86)\Microsoft VS Code\bin;.]
2018-06-27 22:12:04.522  INFO 744 --- [localhost-startStop-1] o.a.c.c.C.[Tomcat].[localhost].[/]       : Initializing Spring embedded WebApplicationContext
2018-06-27 22:12:04.522  INFO 744 --- [localhost-startStop-1] o.s.web.context.ContextLoader            : Root WebApplicationContext: initialization completed in 1673 ms
2018-06-27 22:12:04.641  INFO 744 --- [localhost-startStop-1] o.s.b.w.servlet.ServletRegistrationBean  : Servlet dispatcherServlet mapped to [/]
2018-06-27 22:12:04.645  INFO 744 --- [localhost-startStop-1] o.s.b.w.servlet.FilterRegistrationBean   : Mapping filter: 'characterEncodingFilter' to: [/*]
2018-06-27 22:12:04.646  INFO 744 --- [localhost-startStop-1] o.s.b.w.servlet.FilterRegistrationBean   : Mapping filter: 'hiddenHttpMethodFilter' to: [/*]
2018-06-27 22:12:04.646  INFO 744 --- [localhost-startStop-1] o.s.b.w.servlet.FilterRegistrationBean   : Mapping filter: 'httpPutFormContentFilter' to: [/*]
2018-06-27 22:12:04.646  INFO 744 --- [localhost-startStop-1] o.s.b.w.servlet.FilterRegistrationBean   : Mapping filter: 'requestContextFilter' to: [/*]
2018-06-27 22:12:04.752  INFO 744 --- [restartedMain] o.s.w.s.handler.SimpleUrlHandlerMapping  : Mapped URL path [/**/favicon.ico] onto handler of type [class org.springframework.web.servlet.resource.ResourceHttpRequestHandler]
2018-06-27 22:12:04.937  INFO 744 --- [restartedMain] s.w.s.m.m.a.RequestMappingHandlerAdapter : Looking for @ControllerAdvice: org.springframework.boot.web.servlet.context.AnnotationConfigServletWebServerApplicationContext@459e3de8: startup date [Wed Jun 27 22:12:02 CST 2018]; root of context hierarchy
2018-06-27 22:12:04.982  INFO 744 --- [restartedMain] s.w.s.m.m.a.RequestMappingHandlerMapping : Mapped "{[/error]}" onto public java.lang.String com.eee27go.gotech.Controller.CoreController.CoreErrorController.error(javax.servlet.http.HttpServletRequest)
2018-06-27 22:12:04.983  INFO 744 --- [restartedMain] s.w.s.m.m.a.RequestMappingHandlerMapping : Mapped "{[/start]}" onto public java.lang.String com.eee27go.gotech.FuckController.hello(javax.servlet.http.HttpServletRequest)
2018-06-27 22:12:05.008  INFO 744 --- [restartedMain] o.s.w.s.handler.SimpleUrlHandlerMapping  : Mapped URL path [/webjars/**] onto handler of type [class org.springframework.web.servlet.resource.ResourceHttpRequestHandler]
2018-06-27 22:12:05.008  INFO 744 --- [restartedMain] o.s.w.s.handler.SimpleUrlHandlerMapping  : Mapped URL path [/**] onto handler of type [class org.springframework.web.servlet.resource.ResourceHttpRequestHandler]
2018-06-27 22:12:05.049  INFO 744 --- [restartedMain] o.s.b.a.w.s.WelcomePageHandlerMapping    : Adding welcome page: class path resource [static/index.html]
2018-06-27 22:12:05.382  INFO 744 --- [restartedMain] o.s.b.d.a.OptionalLiveReloadServer       : LiveReload server is running on port 35729
2018-06-27 22:12:05.405  INFO 744 --- [restartedMain] o.s.j.e.a.AnnotationMBeanExporter        : Registering beans for JMX exposure on startup
2018-06-27 22:12:05.406  INFO 744 --- [restartedMain] o.s.j.e.a.AnnotationMBeanExporter        : Bean with name 'dataSource' has been autodetected for JMX exposure
2018-06-27 22:12:05.410  INFO 744 --- [restartedMain] o.s.j.e.a.AnnotationMBeanExporter        : Located MBean 'dataSource': registering with JMX server as MBean [com.zaxxer.hikari:name=dataSource,type=HikariDataSource]
2018-06-27 22:12:05.438  INFO 744 --- [restartedMain] o.s.b.w.embedded.tomcat.TomcatWebServer  : Tomcat started on port(s): 27270 (http) with context path ''
2018-06-27 22:12:05.443  INFO 744 --- [restartedMain] com.eee27go.gotech.GotechApplication     : Started GotechApplication in 3.274 seconds (JVM running for 4.122)
2018-06-27 22:12:07.707  INFO 744 --- [http-nio-27270-exec-1] o.a.c.c.C.[Tomcat].[localhost].[/]       : Initializing Spring FrameworkServlet 'dispatcherServlet'
2018-06-27 22:12:07.707  INFO 744 --- [http-nio-27270-exec-1] o.s.web.servlet.DispatcherServlet        : FrameworkServlet 'dispatcherServlet': initialization started
2018-06-27 22:12:07.725  INFO 744 --- [http-nio-27270-exec-1] o.s.web.servlet.DispatcherServlet        : FrameworkServlet 'dispatcherServlet': initialization completed in 18 ms
2018-06-27 22:14:40.176  INFO 7532 --- [restartedMain] com.eee27go.gotech.GotechApplication     : Starting GotechApplication on eee27-PC with PID 7532 (E:\WorkSpace\web\gotech\out\production\classes started by eee27 in E:\WorkSpace\web\gotech)
2018-06-27 22:14:40.179  INFO 7532 --- [restartedMain] com.eee27go.gotech.GotechApplication     : No active profile set, falling back to default profiles: default
2018-06-27 22:14:40.256  INFO 7532 --- [restartedMain] ConfigServletWebServerApplicationContext : Refreshing org.springframework.boot.web.servlet.context.AnnotationConfigServletWebServerApplicationContext@267a221: startup date [Wed Jun 27 22:14:40 CST 2018]; root of context hierarchy
2018-06-27 22:14:40.984  WARN 7532 --- [restartedMain] o.m.s.mapper.ClassPathMapperScanner      : No MyBatis mapper was found in '[com.eee27go.gotech]' package. Please check your configuration.
2018-06-27 22:14:41.647  INFO 7532 --- [restartedMain] o.s.b.w.embedded.tomcat.TomcatWebServer  : Tomcat initialized with port(s): 27270 (http)
2018-06-27 22:14:41.670  INFO 7532 --- [restartedMain] o.apache.catalina.core.StandardService   : Starting service [Tomcat]
2018-06-27 22:14:41.670  INFO 7532 --- [restartedMain] org.apache.catalina.core.StandardEngine  : Starting Servlet Engine: Apache Tomcat/8.5.31
2018-06-27 22:14:41.673  INFO 7532 --- [localhost-startStop-1] o.a.catalina.core.AprLifecycleListener   : The APR based Apache Tomcat Native library which allows optimal performance in production environments was not found on the java.library.path: [D:\Program Files\Java\jdk1.8.0_112\bin;C:\WINDOWS\Sun\Java\bin;C:\WINDOWS\system32;C:\WINDOWS;C:\Program Files (x86)\Common Files\Oracle\Java\javapath;C:\ProgramData\Oracle\Java\javapath;C:\WINDOWS\system32;C:\WINDOWS;C:\WINDOWS\System32\Wbem;C:\WINDOWS\System32\WindowsPowerShell\v1.0\;C:\Program Files (x86)\NVIDIA Corporation\PhysX\Common;C:\Program Files\Microsoft SQL Server\130\Tools\Binn\;C:\Program Files (x86)\GtkSharp\2.12\bin;C:\Program Files\dotnet\;C:\WINDOWS\system32;C:\WINDOWS;C:\WINDOWS\System32\Wbem;C:\WINDOWS\System32\WindowsPowerShell\v1.0\;C:\WINDOWS\System32\OpenSSH\;C:\Program Files\Git\cmd;C:\Users\eee27\AppData\Local\Microsoft\WindowsApps;;C:\Program Files (x86)\Microsoft VS Code\bin;.]
2018-06-27 22:14:41.781  INFO 7532 --- [localhost-startStop-1] o.a.c.c.C.[Tomcat].[localhost].[/]       : Initializing Spring embedded WebApplicationContext
2018-06-27 22:14:41.782  INFO 7532 --- [localhost-startStop-1] o.s.web.context.ContextLoader            : Root WebApplicationContext: initialization completed in 1525 ms
2018-06-27 22:14:41.904  INFO 7532 --- [localhost-startStop-1] o.s.b.w.servlet.ServletRegistrationBean  : Servlet dispatcherServlet mapped to [/]
2018-06-27 22:14:41.910  INFO 7532 --- [localhost-startStop-1] o.s.b.w.servlet.FilterRegistrationBean   : Mapping filter: 'characterEncodingFilter' to: [/*]
2018-06-27 22:14:41.911  INFO 7532 --- [localhost-startStop-1] o.s.b.w.servlet.FilterRegistrationBean   : Mapping filter: 'hiddenHttpMethodFilter' to: [/*]
2018-06-27 22:14:41.912  INFO 7532 --- [localhost-startStop-1] o.s.b.w.servlet.FilterRegistrationBean   : Mapping filter: 'httpPutFormContentFilter' to: [/*]
2018-06-27 22:14:41.912  INFO 7532 --- [localhost-startStop-1] o.s.b.w.servlet.FilterRegistrationBean   : Mapping filter: 'requestContextFilter' to: [/*]
2018-06-27 22:14:42.012  INFO 7532 --- [restartedMain] o.s.w.s.handler.SimpleUrlHandlerMapping  : Mapped URL path [/**/favicon.ico] onto handler of type [class org.springframework.web.servlet.resource.ResourceHttpRequestHandler]
2018-06-27 22:14:42.192  INFO 7532 --- [restartedMain] s.w.s.m.m.a.RequestMappingHandlerAdapter : Looking for @ControllerAdvice: org.springframework.boot.web.servlet.context.AnnotationConfigServletWebServerApplicationContext@267a221: startup date [Wed Jun 27 22:14:40 CST 2018]; root of context hierarchy
2018-06-27 22:14:42.239  INFO 7532 --- [restartedMain] s.w.s.m.m.a.RequestMappingHandlerMapping : Mapped "{[/error]}" onto public java.lang.String com.eee27go.gotech.Controller.CoreController.CoreErrorController.error(javax.servlet.http.HttpServletRequest)
2018-06-27 22:14:42.239  INFO 7532 --- [restartedMain] s.w.s.m.m.a.RequestMappingHandlerMapping : Mapped "{[/start]}" onto public java.lang.String com.eee27go.gotech.FuckController.hello(javax.servlet.http.HttpServletRequest)
2018-06-27 22:14:42.263  INFO 7532 --- [restartedMain] o.s.w.s.handler.SimpleUrlHandlerMapping  : Mapped URL path [/webjars/**] onto handler of type [class org.springframework.web.servlet.resource.ResourceHttpRequestHandler]
2018-06-27 22:14:42.263  INFO 7532 --- [restartedMain] o.s.w.s.handler.SimpleUrlHandlerMapping  : Mapped URL path [/**] onto handler of type [class org.springframework.web.servlet.resource.ResourceHttpRequestHandler]
2018-06-27 22:14:42.309  INFO 7532 --- [restartedMain] o.s.b.a.w.s.WelcomePageHandlerMapping    : Adding welcome page: class path resource [static/index.html]
2018-06-27 22:14:42.632  INFO 7532 --- [restartedMain] o.s.b.d.a.OptionalLiveReloadServer       : LiveReload server is running on port 35729
2018-06-27 22:14:42.669  INFO 7532 --- [restartedMain] o.s.j.e.a.AnnotationMBeanExporter        : Registering beans for JMX exposure on startup
2018-06-27 22:14:42.671  INFO 7532 --- [restartedMain] o.s.j.e.a.AnnotationMBeanExporter        : Bean with name 'dataSource' has been autodetected for JMX exposure
2018-06-27 22:14:42.674  INFO 7532 --- [restartedMain] o.s.j.e.a.AnnotationMBeanExporter        : Located MBean 'dataSource': registering with JMX server as MBean [com.zaxxer.hikari:name=dataSource,type=HikariDataSource]
2018-06-27 22:14:42.703  INFO 7532 --- [restartedMain] o.s.b.w.embedded.tomcat.TomcatWebServer  : Tomcat started on port(s): 27270 (http) with context path ''
2018-06-27 22:14:42.707  INFO 7532 --- [restartedMain] com.eee27go.gotech.GotechApplication     : Started GotechApplication in 3.008 seconds (JVM running for 3.915)
2018-06-27 22:14:45.510  INFO 7532 --- [http-nio-27270-exec-1] o.a.c.c.C.[Tomcat].[localhost].[/]       : Initializing Spring FrameworkServlet 'dispatcherServlet'
2018-06-27 22:14:45.511  INFO 7532 --- [http-nio-27270-exec-1] o.s.web.servlet.DispatcherServlet        : FrameworkServlet 'dispatcherServlet': initialization started
2018-06-27 22:14:45.531  INFO 7532 --- [http-nio-27270-exec-1] o.s.web.servlet.DispatcherServlet        : FrameworkServlet 'dispatcherServlet': initialization completed in 20 ms
2018-06-27 22:15:30.811  INFO 8440 --- [restartedMain] com.eee27go.gotech.GotechApplication     : Starting GotechApplication on eee27-PC with PID 8440 (E:\WorkSpace\web\gotech\out\production\classes started by eee27 in E:\WorkSpace\web\gotech)
2018-06-27 22:15:30.812  INFO 8440 --- [restartedMain] com.eee27go.gotech.GotechApplication     : No active profile set, falling back to default profiles: default
2018-06-27 22:15:30.879  INFO 8440 --- [restartedMain] ConfigServletWebServerApplicationContext : Refreshing org.springframework.boot.web.servlet.context.AnnotationConfigServletWebServerApplicationContext@3d3de01: startup date [Wed Jun 27 22:15:30 CST 2018]; root of context hierarchy
2018-06-27 22:15:31.661  WARN 8440 --- [restartedMain] o.m.s.mapper.ClassPathMapperScanner      : No MyBatis mapper was found in '[com.eee27go.gotech]' package. Please check your configuration.
2018-06-27 22:15:32.342  INFO 8440 --- [restartedMain] o.s.b.w.embedded.tomcat.TomcatWebServer  : Tomcat initialized with port(s): 27270 (http)
2018-06-27 22:15:32.364  INFO 8440 --- [restartedMain] o.apache.catalina.core.StandardService   : Starting service [Tomcat]
2018-06-27 22:15:32.364  INFO 8440 --- [restartedMain] org.apache.catalina.core.StandardEngine  : Starting Servlet Engine: Apache Tomcat/8.5.31
2018-06-27 22:15:32.367  INFO 8440 --- [localhost-startStop-1] o.a.catalina.core.AprLifecycleListener   : The APR based Apache Tomcat Native library which allows optimal performance in production environments was not found on the java.library.path: [D:\Program Files\Java\jdk1.8.0_112\bin;C:\WINDOWS\Sun\Java\bin;C:\WINDOWS\system32;C:\WINDOWS;C:\Program Files (x86)\Common Files\Oracle\Java\javapath;C:\ProgramData\Oracle\Java\javapath;C:\WINDOWS\system32;C:\WINDOWS;C:\WINDOWS\System32\Wbem;C:\WINDOWS\System32\WindowsPowerShell\v1.0\;C:\Program Files (x86)\NVIDIA Corporation\PhysX\Common;C:\Program Files\Microsoft SQL Server\130\Tools\Binn\;C:\Program Files (x86)\GtkSharp\2.12\bin;C:\Program Files\dotnet\;C:\WINDOWS\system32;C:\WINDOWS;C:\WINDOWS\System32\Wbem;C:\WINDOWS\System32\WindowsPowerShell\v1.0\;C:\WINDOWS\System32\OpenSSH\;C:\Program Files\Git\cmd;C:\Users\eee27\AppData\Local\Microsoft\WindowsApps;;C:\Program Files (x86)\Microsoft VS Code\bin;.]
2018-06-27 22:15:32.471  INFO 8440 --- [localhost-startStop-1] o.a.c.c.C.[Tomcat].[localhost].[/]       : Initializing Spring embedded WebApplicationContext
2018-06-27 22:15:32.471  INFO 8440 --- [localhost-startStop-1] o.s.web.context.ContextLoader            : Root WebApplicationContext: initialization completed in 1592 ms
2018-06-27 22:15:32.588  INFO 8440 --- [localhost-startStop-1] o.s.b.w.servlet.ServletRegistrationBean  : Servlet dispatcherServlet mapped to [/]
2018-06-27 22:15:32.592  INFO 8440 --- [localhost-startStop-1] o.s.b.w.servlet.FilterRegistrationBean   : Mapping filter: 'characterEncodingFilter' to: [/*]
2018-06-27 22:15:32.593  INFO 8440 --- [localhost-startStop-1] o.s.b.w.servlet.FilterRegistrationBean   : Mapping filter: 'hiddenHttpMethodFilter' to: [/*]
2018-06-27 22:15:32.593  INFO 8440 --- [localhost-startStop-1] o.s.b.w.servlet.FilterRegistrationBean   : Mapping filter: 'httpPutFormContentFilter' to: [/*]
2018-06-27 22:15:32.593  INFO 8440 --- [localhost-startStop-1] o.s.b.w.servlet.FilterRegistrationBean   : Mapping filter: 'requestContextFilter' to: [/*]
2018-06-27 22:15:32.691  INFO 8440 --- [restartedMain] o.s.w.s.handler.SimpleUrlHandlerMapping  : Mapped URL path [/**/favicon.ico] onto handler of type [class org.springframework.web.servlet.resource.ResourceHttpRequestHandler]
2018-06-27 22:15:32.866  INFO 8440 --- [restartedMain] s.w.s.m.m.a.RequestMappingHandlerAdapter : Looking for @ControllerAdvice: org.springframework.boot.web.servlet.context.AnnotationConfigServletWebServerApplicationContext@3d3de01: startup date [Wed Jun 27 22:15:30 CST 2018]; root of context hierarchy
2018-06-27 22:15:32.912  INFO 8440 --- [restartedMain] s.w.s.m.m.a.RequestMappingHandlerMapping : Mapped "{[/error]}" onto public java.lang.String com.eee27go.gotech.Controller.CoreController.CoreErrorController.error(javax.servlet.http.HttpServletRequest)
2018-06-27 22:15:32.913  INFO 8440 --- [restartedMain] s.w.s.m.m.a.RequestMappingHandlerMapping : Mapped "{[/start]}" onto public java.lang.String com.eee27go.gotech.FuckController.hello(javax.servlet.http.HttpServletRequest)
2018-06-27 22:15:32.938  INFO 8440 --- [restartedMain] o.s.w.s.handler.SimpleUrlHandlerMapping  : Mapped URL path [/webjars/**] onto handler of type [class org.springframework.web.servlet.resource.ResourceHttpRequestHandler]
2018-06-27 22:15:32.939  INFO 8440 --- [restartedMain] o.s.w.s.handler.SimpleUrlHandlerMapping  : Mapped URL path [/**] onto handler of type [class org.springframework.web.servlet.resource.ResourceHttpRequestHandler]
2018-06-27 22:15:32.976  INFO 8440 --- [restartedMain] o.s.b.a.w.s.WelcomePageHandlerMapping    : Adding welcome page: class path resource [static/index.html]
2018-06-27 22:15:33.298  INFO 8440 --- [restartedMain] o.s.b.d.a.OptionalLiveReloadServer       : LiveReload server is running on port 35729
2018-06-27 22:15:33.322  INFO 8440 --- [restartedMain] o.s.j.e.a.AnnotationMBeanExporter        : Registering beans for JMX exposure on startup
2018-06-27 22:15:33.324  INFO 8440 --- [restartedMain] o.s.j.e.a.AnnotationMBeanExporter        : Bean with name 'dataSource' has been autodetected for JMX exposure
2018-06-27 22:15:33.329  INFO 8440 --- [restartedMain] o.s.j.e.a.AnnotationMBeanExporter        : Located MBean 'dataSource': registering with JMX server as MBean [com.zaxxer.hikari:name=dataSource,type=HikariDataSource]
2018-06-27 22:15:33.364  INFO 8440 --- [restartedMain] o.s.b.w.embedded.tomcat.TomcatWebServer  : Tomcat started on port(s): 27270 (http) with context path ''
2018-06-27 22:15:33.368  INFO 8440 --- [restartedMain] com.eee27go.gotech.GotechApplication     : Started GotechApplication in 3.108 seconds (JVM running for 4.143)
2018-06-27 22:15:36.208  INFO 8440 --- [http-nio-27270-exec-2] o.a.c.c.C.[Tomcat].[localhost].[/]       : Initializing Spring FrameworkServlet 'dispatcherServlet'
2018-06-27 22:15:36.208  INFO 8440 --- [http-nio-27270-exec-2] o.s.web.servlet.DispatcherServlet        : FrameworkServlet 'dispatcherServlet': initialization started
2018-06-27 22:15:36.225  INFO 8440 --- [http-nio-27270-exec-2] o.s.web.servlet.DispatcherServlet        : FrameworkServlet 'dispatcherServlet': initialization completed in 17 ms
2018-06-27 22:17:19.649  INFO 8284 --- [restartedMain] com.eee27go.gotech.GotechApplication     : Starting GotechApplication on eee27-PC with PID 8284 (E:\WorkSpace\web\gotech\out\production\classes started by eee27 in E:\WorkSpace\web\gotech)
2018-06-27 22:17:19.653  INFO 8284 --- [restartedMain] com.eee27go.gotech.GotechApplication     : No active profile set, falling back to default profiles: default
2018-06-27 22:17:19.736  INFO 8284 --- [restartedMain] ConfigServletWebServerApplicationContext : Refreshing org.springframework.boot.web.servlet.context.AnnotationConfigServletWebServerApplicationContext@728267be: startup date [Wed Jun 27 22:17:19 CST 2018]; root of context hierarchy
2018-06-27 22:17:20.497  WARN 8284 --- [restartedMain] o.m.s.mapper.ClassPathMapperScanner      : No MyBatis mapper was found in '[com.eee27go.gotech]' package. Please check your configuration.
2018-06-27 22:17:21.148  INFO 8284 --- [restartedMain] o.s.b.w.embedded.tomcat.TomcatWebServer  : Tomcat initialized with port(s): 27270 (http)
2018-06-27 22:17:21.173  INFO 8284 --- [restartedMain] o.apache.catalina.core.StandardService   : Starting service [Tomcat]
2018-06-27 22:17:21.174  INFO 8284 --- [restartedMain] org.apache.catalina.core.StandardEngine  : Starting Servlet Engine: Apache Tomcat/8.5.31
2018-06-27 22:17:21.186  INFO 8284 --- [localhost-startStop-1] o.a.catalina.core.AprLifecycleListener   : The APR based Apache Tomcat Native library which allows optimal performance in production environments was not found on the java.library.path: [D:\Program Files\Java\jdk1.8.0_112\bin;C:\WINDOWS\Sun\Java\bin;C:\WINDOWS\system32;C:\WINDOWS;C:\Program Files (x86)\Common Files\Oracle\Java\javapath;C:\ProgramData\Oracle\Java\javapath;C:\WINDOWS\system32;C:\WINDOWS;C:\WINDOWS\System32\Wbem;C:\WINDOWS\System32\WindowsPowerShell\v1.0\;C:\Program Files (x86)\NVIDIA Corporation\PhysX\Common;C:\Program Files\Microsoft SQL Server\130\Tools\Binn\;C:\Program Files (x86)\GtkSharp\2.12\bin;C:\Program Files\dotnet\;C:\WINDOWS\system32;C:\WINDOWS;C:\WINDOWS\System32\Wbem;C:\WINDOWS\System32\WindowsPowerShell\v1.0\;C:\WINDOWS\System32\OpenSSH\;C:\Program Files\Git\cmd;C:\Users\eee27\AppData\Local\Microsoft\WindowsApps;;C:\Program Files (x86)\Microsoft VS Code\bin;.]
2018-06-27 22:17:21.297  INFO 8284 --- [localhost-startStop-1] o.a.c.c.C.[Tomcat].[localhost].[/]       : Initializing Spring embedded WebApplicationContext
2018-06-27 22:17:21.297  INFO 8284 --- [localhost-startStop-1] o.s.web.context.ContextLoader            : Root WebApplicationContext: initialization completed in 1561 ms
2018-06-27 22:17:21.416  INFO 8284 --- [localhost-startStop-1] o.s.b.w.servlet.ServletRegistrationBean  : Servlet dispatcherServlet mapped to [/]
2018-06-27 22:17:21.420  INFO 8284 --- [localhost-startStop-1] o.s.b.w.servlet.FilterRegistrationBean   : Mapping filter: 'characterEncodingFilter' to: [/*]
2018-06-27 22:17:21.420  INFO 8284 --- [localhost-startStop-1] o.s.b.w.servlet.FilterRegistrationBean   : Mapping filter: 'hiddenHttpMethodFilter' to: [/*]
2018-06-27 22:17:21.420  INFO 8284 --- [localhost-startStop-1] o.s.b.w.servlet.FilterRegistrationBean   : Mapping filter: 'httpPutFormContentFilter' to: [/*]
2018-06-27 22:17:21.420  INFO 8284 --- [localhost-startStop-1] o.s.b.w.servlet.FilterRegistrationBean   : Mapping filter: 'requestContextFilter' to: [/*]
2018-06-27 22:17:21.516  INFO 8284 --- [restartedMain] o.s.w.s.handler.SimpleUrlHandlerMapping  : Mapped URL path [/**/favicon.ico] onto handler of type [class org.springframework.web.servlet.resource.ResourceHttpRequestHandler]
2018-06-27 22:17:21.683  INFO 8284 --- [restartedMain] s.w.s.m.m.a.RequestMappingHandlerAdapter : Looking for @ControllerAdvice: org.springframework.boot.web.servlet.context.AnnotationConfigServletWebServerApplicationContext@728267be: startup date [Wed Jun 27 22:17:19 CST 2018]; root of context hierarchy
2018-06-27 22:17:21.729  INFO 8284 --- [restartedMain] s.w.s.m.m.a.RequestMappingHandlerMapping : Mapped "{[/error]}" onto public java.lang.String com.eee27go.gotech.Controller.CoreController.CoreErrorController.error(javax.servlet.http.HttpServletRequest)
2018-06-27 22:17:21.731  INFO 8284 --- [restartedMain] s.w.s.m.m.a.RequestMappingHandlerMapping : Mapped "{[/start]}" onto public java.lang.String com.eee27go.gotech.FuckController.hello(javax.servlet.http.HttpServletRequest)
2018-06-27 22:17:21.757  INFO 8284 --- [restartedMain] o.s.w.s.handler.SimpleUrlHandlerMapping  : Mapped URL path [/webjars/**] onto handler of type [class org.springframework.web.servlet.resource.ResourceHttpRequestHandler]
2018-06-27 22:17:21.757  INFO 8284 --- [restartedMain] o.s.w.s.handler.SimpleUrlHandlerMapping  : Mapped URL path [/**] onto handler of type [class org.springframework.web.servlet.resource.ResourceHttpRequestHandler]
2018-06-27 22:17:21.795  INFO 8284 --- [restartedMain] o.s.b.a.w.s.WelcomePageHandlerMapping    : Adding welcome page: class path resource [static/index.html]
2018-06-27 22:17:22.116  INFO 8284 --- [restartedMain] o.s.b.d.a.OptionalLiveReloadServer       : LiveReload server is running on port 35729
2018-06-27 22:17:22.139  INFO 8284 --- [restartedMain] o.s.j.e.a.AnnotationMBeanExporter        : Registering beans for JMX exposure on startup
2018-06-27 22:17:22.140  INFO 8284 --- [restartedMain] o.s.j.e.a.AnnotationMBeanExporter        : Bean with name 'dataSource' has been autodetected for JMX exposure
2018-06-27 22:17:22.144  INFO 8284 --- [restartedMain] o.s.j.e.a.AnnotationMBeanExporter        : Located MBean 'dataSource': registering with JMX server as MBean [com.zaxxer.hikari:name=dataSource,type=HikariDataSource]
2018-06-27 22:17:22.173  INFO 8284 --- [restartedMain] o.s.b.w.embedded.tomcat.TomcatWebServer  : Tomcat started on port(s): 27270 (http) with context path ''
2018-06-27 22:17:22.176  INFO 8284 --- [restartedMain] com.eee27go.gotech.GotechApplication     : Started GotechApplication in 3.123 seconds (JVM running for 4.026)
2018-06-27 22:17:29.253  INFO 8284 --- [http-nio-27270-exec-1] o.a.c.c.C.[Tomcat].[localhost].[/]       : Initializing Spring FrameworkServlet 'dispatcherServlet'
2018-06-27 22:17:29.254  INFO 8284 --- [http-nio-27270-exec-1] o.s.web.servlet.DispatcherServlet        : FrameworkServlet 'dispatcherServlet': initialization started
2018-06-27 22:17:29.273  INFO 8284 --- [http-nio-27270-exec-1] o.s.web.servlet.DispatcherServlet        : FrameworkServlet 'dispatcherServlet': initialization completed in 19 ms
2018-06-27 22:17:51.330  INFO 9040 --- [restartedMain] com.eee27go.gotech.GotechApplication     : Starting GotechApplication on eee27-PC with PID 9040 (E:\WorkSpace\web\gotech\out\production\classes started by eee27 in E:\WorkSpace\web\gotech)
2018-06-27 22:17:51.332  INFO 9040 --- [restartedMain] com.eee27go.gotech.GotechApplication     : No active profile set, falling back to default profiles: default
2018-06-27 22:17:51.399  INFO 9040 --- [restartedMain] ConfigServletWebServerApplicationContext : Refreshing org.springframework.boot.web.servlet.context.AnnotationConfigServletWebServerApplicationContext@1925a816: startup date [Wed Jun 27 22:17:51 CST 2018]; root of context hierarchy
2018-06-27 22:17:52.168  WARN 9040 --- [restartedMain] o.m.s.mapper.ClassPathMapperScanner      : No MyBatis mapper was found in '[com.eee27go.gotech]' package. Please check your configuration.
2018-06-27 22:17:52.802  INFO 9040 --- [restartedMain] o.s.b.w.embedded.tomcat.TomcatWebServer  : Tomcat initialized with port(s): 27270 (http)
2018-06-27 22:17:52.835  INFO 9040 --- [restartedMain] o.apache.catalina.core.StandardService   : Starting service [Tomcat]
2018-06-27 22:17:52.835  INFO 9040 --- [restartedMain] org.apache.catalina.core.StandardEngine  : Starting Servlet Engine: Apache Tomcat/8.5.31
2018-06-27 22:17:52.838  INFO 9040 --- [localhost-startStop-1] o.a.catalina.core.AprLifecycleListener   : The APR based Apache Tomcat Native library which allows optimal performance in production environments was not found on the java.library.path: [D:\Program Files\Java\jdk1.8.0_112\bin;C:\WINDOWS\Sun\Java\bin;C:\WINDOWS\system32;C:\WINDOWS;C:\Program Files (x86)\Common Files\Oracle\Java\javapath;C:\ProgramData\Oracle\Java\javapath;C:\WINDOWS\system32;C:\WINDOWS;C:\WINDOWS\System32\Wbem;C:\WINDOWS\System32\WindowsPowerShell\v1.0\;C:\Program Files (x86)\NVIDIA Corporation\PhysX\Common;C:\Program Files\Microsoft SQL Server\130\Tools\Binn\;C:\Program Files (x86)\GtkSharp\2.12\bin;C:\Program Files\dotnet\;C:\WINDOWS\system32;C:\WINDOWS;C:\WINDOWS\System32\Wbem;C:\WINDOWS\System32\WindowsPowerShell\v1.0\;C:\WINDOWS\System32\OpenSSH\;C:\Program Files\Git\cmd;C:\Users\eee27\AppData\Local\Microsoft\WindowsApps;;C:\Program Files (x86)\Microsoft VS Code\bin;.]
2018-06-27 22:17:52.943  INFO 9040 --- [localhost-startStop-1] o.a.c.c.C.[Tomcat].[localhost].[/]       : Initializing Spring embedded WebApplicationContext
2018-06-27 22:17:52.943  INFO 9040 --- [localhost-startStop-1] o.s.web.context.ContextLoader            : Root WebApplicationContext: initialization completed in 1544 ms
2018-06-27 22:17:53.061  INFO 9040 --- [localhost-startStop-1] o.s.b.w.servlet.ServletRegistrationBean  : Servlet dispatcherServlet mapped to [/]
2018-06-27 22:17:53.065  INFO 9040 --- [localhost-startStop-1] o.s.b.w.servlet.FilterRegistrationBean   : Mapping filter: 'characterEncodingFilter' to: [/*]
2018-06-27 22:17:53.065  INFO 9040 --- [localhost-startStop-1] o.s.b.w.servlet.FilterRegistrationBean   : Mapping filter: 'hiddenHttpMethodFilter' to: [/*]
2018-06-27 22:17:53.065  INFO 9040 --- [localhost-startStop-1] o.s.b.w.servlet.FilterRegistrationBean   : Mapping filter: 'httpPutFormContentFilter' to: [/*]
2018-06-27 22:17:53.066  INFO 9040 --- [localhost-startStop-1] o.s.b.w.servlet.FilterRegistrationBean   : Mapping filter: 'requestContextFilter' to: [/*]
2018-06-27 22:17:53.165  INFO 9040 --- [restartedMain] o.s.w.s.handler.SimpleUrlHandlerMapping  : Mapped URL path [/**/favicon.ico] onto handler of type [class org.springframework.web.servlet.resource.ResourceHttpRequestHandler]
2018-06-27 22:17:53.349  INFO 9040 --- [restartedMain] s.w.s.m.m.a.RequestMappingHandlerAdapter : Looking for @ControllerAdvice: org.springframework.boot.web.servlet.context.AnnotationConfigServletWebServerApplicationContext@1925a816: startup date [Wed Jun 27 22:17:51 CST 2018]; root of context hierarchy
2018-06-27 22:17:53.403  INFO 9040 --- [restartedMain] s.w.s.m.m.a.RequestMappingHandlerMapping : Mapped "{[/error]}" onto public java.lang.String com.eee27go.gotech.Controller.CoreController.CoreErrorController.error(javax.servlet.http.HttpServletRequest)
2018-06-27 22:17:53.404  INFO 9040 --- [restartedMain] s.w.s.m.m.a.RequestMappingHandlerMapping : Mapped "{[/start]}" onto public java.lang.String com.eee27go.gotech.FuckController.hello(javax.servlet.http.HttpServletRequest)
2018-06-27 22:17:53.427  INFO 9040 --- [restartedMain] o.s.w.s.handler.SimpleUrlHandlerMapping  : Mapped URL path [/webjars/**] onto handler of type [class org.springframework.web.servlet.resource.ResourceHttpRequestHandler]
2018-06-27 22:17:53.428  INFO 9040 --- [restartedMain] o.s.w.s.handler.SimpleUrlHandlerMapping  : Mapped URL path [/**] onto handler of type [class org.springframework.web.servlet.resource.ResourceHttpRequestHandler]
2018-06-27 22:17:53.465  INFO 9040 --- [restartedMain] o.s.b.a.w.s.WelcomePageHandlerMapping    : Adding welcome page: class path resource [static/index.html]
2018-06-27 22:17:53.782  INFO 9040 --- [restartedMain] o.s.b.d.a.OptionalLiveReloadServer       : LiveReload server is running on port 35729
2018-06-27 22:17:53.804  INFO 9040 --- [restartedMain] o.s.j.e.a.AnnotationMBeanExporter        : Registering beans for JMX exposure on startup
2018-06-27 22:17:53.805  INFO 9040 --- [restartedMain] o.s.j.e.a.AnnotationMBeanExporter        : Bean with name 'dataSource' has been autodetected for JMX exposure
2018-06-27 22:17:53.809  INFO 9040 --- [restartedMain] o.s.j.e.a.AnnotationMBeanExporter        : Located MBean 'dataSource': registering with JMX server as MBean [com.zaxxer.hikari:name=dataSource,type=HikariDataSource]
2018-06-27 22:17:53.839  INFO 9040 --- [restartedMain] o.s.b.w.embedded.tomcat.TomcatWebServer  : Tomcat started on port(s): 27270 (http) with context path ''
2018-06-27 22:17:53.842  INFO 9040 --- [restartedMain] com.eee27go.gotech.GotechApplication     : Started GotechApplication in 3.013 seconds (JVM running for 4.034)
2018-06-27 22:18:34.992  INFO 16996 --- [restartedMain] com.eee27go.gotech.GotechApplication     : Starting GotechApplication on eee27-PC with PID 16996 (E:\WorkSpace\web\gotech\out\production\classes started by eee27 in E:\WorkSpace\web\gotech)
2018-06-27 22:18:34.994  INFO 16996 --- [restartedMain] com.eee27go.gotech.GotechApplication     : No active profile set, falling back to default profiles: default
2018-06-27 22:18:35.043  INFO 16996 --- [restartedMain] ConfigServletWebServerApplicationContext : Refreshing org.springframework.boot.web.servlet.context.AnnotationConfigServletWebServerApplicationContext@1db9f9fd: startup date [Wed Jun 27 22:18:35 CST 2018]; root of context hierarchy
2018-06-27 22:18:35.735  WARN 16996 --- [restartedMain] o.m.s.mapper.ClassPathMapperScanner      : No MyBatis mapper was found in '[com.eee27go.gotech]' package. Please check your configuration.
2018-06-27 22:18:36.429  INFO 16996 --- [restartedMain] o.s.b.w.embedded.tomcat.TomcatWebServer  : Tomcat initialized with port(s): 27270 (http)
2018-06-27 22:18:36.451  INFO 16996 --- [restartedMain] o.apache.catalina.core.StandardService   : Starting service [Tomcat]
2018-06-27 22:18:36.451  INFO 16996 --- [restartedMain] org.apache.catalina.core.StandardEngine  : Starting Servlet Engine: Apache Tomcat/8.5.31
2018-06-27 22:18:36.453  INFO 16996 --- [localhost-startStop-1] o.a.catalina.core.AprLifecycleListener   : The APR based Apache Tomcat Native library which allows optimal performance in production environments was not found on the java.library.path: [D:\Program Files\Java\jdk1.8.0_112\bin;C:\WINDOWS\Sun\Java\bin;C:\WINDOWS\system32;C:\WINDOWS;C:\Program Files (x86)\Common Files\Oracle\Java\javapath;C:\ProgramData\Oracle\Java\javapath;C:\WINDOWS\system32;C:\WINDOWS;C:\WINDOWS\System32\Wbem;C:\WINDOWS\System32\WindowsPowerShell\v1.0\;C:\Program Files (x86)\NVIDIA Corporation\PhysX\Common;C:\Program Files\Microsoft SQL Server\130\Tools\Binn\;C:\Program Files (x86)\GtkSharp\2.12\bin;C:\Program Files\dotnet\;C:\WINDOWS\system32;C:\WINDOWS;C:\WINDOWS\System32\Wbem;C:\WINDOWS\System32\WindowsPowerShell\v1.0\;C:\WINDOWS\System32\OpenSSH\;C:\Program Files\Git\cmd;C:\Users\eee27\AppData\Local\Microsoft\WindowsApps;;C:\Program Files (x86)\Microsoft VS Code\bin;.]
2018-06-27 22:18:36.559  INFO 16996 --- [localhost-startStop-1] o.a.c.c.C.[Tomcat].[localhost].[/]       : Initializing Spring embedded WebApplicationContext
2018-06-27 22:18:36.559  INFO 16996 --- [localhost-startStop-1] o.s.web.context.ContextLoader            : Root WebApplicationContext: initialization completed in 1516 ms
2018-06-27 22:18:36.680  INFO 16996 --- [localhost-startStop-1] o.s.b.w.servlet.ServletRegistrationBean  : Servlet dispatcherServlet mapped to [/]
2018-06-27 22:18:36.684  INFO 16996 --- [localhost-startStop-1] o.s.b.w.servlet.FilterRegistrationBean   : Mapping filter: 'characterEncodingFilter' to: [/*]
2018-06-27 22:18:36.685  INFO 16996 --- [localhost-startStop-1] o.s.b.w.servlet.FilterRegistrationBean   : Mapping filter: 'hiddenHttpMethodFilter' to: [/*]
2018-06-27 22:18:36.685  INFO 16996 --- [localhost-startStop-1] o.s.b.w.servlet.FilterRegistrationBean   : Mapping filter: 'httpPutFormContentFilter' to: [/*]
2018-06-27 22:18:36.685  INFO 16996 --- [localhost-startStop-1] o.s.b.w.servlet.FilterRegistrationBean   : Mapping filter: 'requestContextFilter' to: [/*]
2018-06-27 22:18:36.783  INFO 16996 --- [restartedMain] o.s.w.s.handler.SimpleUrlHandlerMapping  : Mapped URL path [/**/favicon.ico] onto handler of type [class org.springframework.web.servlet.resource.ResourceHttpRequestHandler]
2018-06-27 22:18:36.962  INFO 16996 --- [restartedMain] s.w.s.m.m.a.RequestMappingHandlerAdapter : Looking for @ControllerAdvice: org.springframework.boot.web.servlet.context.AnnotationConfigServletWebServerApplicationContext@1db9f9fd: startup date [Wed Jun 27 22:18:35 CST 2018]; root of context hierarchy
2018-06-27 22:18:37.008  INFO 16996 --- [restartedMain] s.w.s.m.m.a.RequestMappingHandlerMapping : Mapped "{[/error]}" onto public java.lang.String com.eee27go.gotech.Controller.CoreController.CoreErrorController.error(javax.servlet.http.HttpServletRequest)
2018-06-27 22:18:37.010  INFO 16996 --- [restartedMain] s.w.s.m.m.a.RequestMappingHandlerMapping : Mapped "{[/start]}" onto public java.lang.String com.eee27go.gotech.FuckController.hello(javax.servlet.http.HttpServletRequest)
2018-06-27 22:18:37.035  INFO 16996 --- [restartedMain] o.s.w.s.handler.SimpleUrlHandlerMapping  : Mapped URL path [/webjars/**] onto handler of type [class org.springframework.web.servlet.resource.ResourceHttpRequestHandler]
2018-06-27 22:18:37.035  INFO 16996 --- [restartedMain] o.s.w.s.handler.SimpleUrlHandlerMapping  : Mapped URL path [/**] onto handler of type [class org.springframework.web.servlet.resource.ResourceHttpRequestHandler]
2018-06-27 22:18:37.076  INFO 16996 --- [restartedMain] o.s.b.a.w.s.WelcomePageHandlerMapping    : Adding welcome page: class path resource [static/index.html]
2018-06-27 22:18:37.412  INFO 16996 --- [restartedMain] o.s.b.d.a.OptionalLiveReloadServer       : LiveReload server is running on port 35729
2018-06-27 22:18:37.436  INFO 16996 --- [restartedMain] o.s.j.e.a.AnnotationMBeanExporter        : Registering beans for JMX exposure on startup
2018-06-27 22:18:37.438  INFO 16996 --- [restartedMain] o.s.j.e.a.AnnotationMBeanExporter        : Bean with name 'dataSource' has been autodetected for JMX exposure
2018-06-27 22:18:37.442  INFO 16996 --- [restartedMain] o.s.j.e.a.AnnotationMBeanExporter        : Located MBean 'dataSource': registering with JMX server as MBean [com.zaxxer.hikari:name=dataSource,type=HikariDataSource]
2018-06-27 22:18:37.494  INFO 16996 --- [restartedMain] o.s.b.w.embedded.tomcat.TomcatWebServer  : Tomcat started on port(s): 27270 (http) with context path ''
2018-06-27 22:18:37.499  INFO 16996 --- [restartedMain] com.eee27go.gotech.GotechApplication     : Started GotechApplication in 3.048 seconds (JVM running for 3.953)
2018-06-27 22:18:41.238  INFO 16996 --- [http-nio-27270-exec-1] o.a.c.c.C.[Tomcat].[localhost].[/]       : Initializing Spring FrameworkServlet 'dispatcherServlet'
2018-06-27 22:18:41.238  INFO 16996 --- [http-nio-27270-exec-1] o.s.web.servlet.DispatcherServlet        : FrameworkServlet 'dispatcherServlet': initialization started
2018-06-27 22:18:41.256  INFO 16996 --- [http-nio-27270-exec-1] o.s.web.servlet.DispatcherServlet        : FrameworkServlet 'dispatcherServlet': initialization completed in 18 ms
2018-06-27 22:19:47.657  INFO 4056 --- [restartedMain] com.eee27go.gotech.GotechApplication     : Starting GotechApplication on eee27-PC with PID 4056 (E:\WorkSpace\web\gotech\out\production\classes started by eee27 in E:\WorkSpace\web\gotech)
2018-06-27 22:19:47.658  INFO 4056 --- [restartedMain] com.eee27go.gotech.GotechApplication     : No active profile set, falling back to default profiles: default
2018-06-27 22:19:47.723  INFO 4056 --- [restartedMain] ConfigServletWebServerApplicationContext : Refreshing org.springframework.boot.web.servlet.context.AnnotationConfigServletWebServerApplicationContext@6170ece7: startup date [Wed Jun 27 22:19:47 CST 2018]; root of context hierarchy
2018-06-27 22:19:48.629  WARN 4056 --- [restartedMain] o.m.s.mapper.ClassPathMapperScanner      : No MyBatis mapper was found in '[com.eee27go.gotech]' package. Please check your configuration.
2018-06-27 22:19:49.442  INFO 4056 --- [restartedMain] o.s.b.w.embedded.tomcat.TomcatWebServer  : Tomcat initialized with port(s): 27270 (http)
2018-06-27 22:19:49.464  INFO 4056 --- [restartedMain] o.apache.catalina.core.StandardService   : Starting service [Tomcat]
2018-06-27 22:19:49.465  INFO 4056 --- [restartedMain] org.apache.catalina.core.StandardEngine  : Starting Servlet Engine: Apache Tomcat/8.5.31
2018-06-27 22:19:49.467  INFO 4056 --- [localhost-startStop-1] o.a.catalina.core.AprLifecycleListener   : The APR based Apache Tomcat Native library which allows optimal performance in production environments was not found on the java.library.path: [D:\Program Files\Java\jdk1.8.0_112\bin;C:\WINDOWS\Sun\Java\bin;C:\WINDOWS\system32;C:\WINDOWS;C:\Program Files (x86)\Common Files\Oracle\Java\javapath;C:\ProgramData\Oracle\Java\javapath;C:\WINDOWS\system32;C:\WINDOWS;C:\WINDOWS\System32\Wbem;C:\WINDOWS\System32\WindowsPowerShell\v1.0\;C:\Program Files (x86)\NVIDIA Corporation\PhysX\Common;C:\Program Files\Microsoft SQL Server\130\Tools\Binn\;C:\Program Files (x86)\GtkSharp\2.12\bin;C:\Program Files\dotnet\;C:\WINDOWS\system32;C:\WINDOWS;C:\WINDOWS\System32\Wbem;C:\WINDOWS\System32\WindowsPowerShell\v1.0\;C:\WINDOWS\System32\OpenSSH\;C:\Program Files\Git\cmd;C:\Users\eee27\AppData\Local\Microsoft\WindowsApps;;C:\Program Files (x86)\Microsoft VS Code\bin;.]
2018-06-27 22:19:49.575  INFO 4056 --- [localhost-startStop-1] o.a.c.c.C.[Tomcat].[localhost].[/]       : Initializing Spring embedded WebApplicationContext
2018-06-27 22:19:49.575  INFO 4056 --- [localhost-startStop-1] o.s.web.context.ContextLoader            : Root WebApplicationContext: initialization completed in 1852 ms
2018-06-27 22:19:49.751  INFO 4056 --- [localhost-startStop-1] o.s.b.w.servlet.ServletRegistrationBean  : Servlet dispatcherServlet mapped to [/]
2018-06-27 22:19:49.757  INFO 4056 --- [localhost-startStop-1] o.s.b.w.servlet.FilterRegistrationBean   : Mapping filter: 'characterEncodingFilter' to: [/*]
2018-06-27 22:19:49.757  INFO 4056 --- [localhost-startStop-1] o.s.b.w.servlet.FilterRegistrationBean   : Mapping filter: 'hiddenHttpMethodFilter' to: [/*]
2018-06-27 22:19:49.758  INFO 4056 --- [localhost-startStop-1] o.s.b.w.servlet.FilterRegistrationBean   : Mapping filter: 'httpPutFormContentFilter' to: [/*]
2018-06-27 22:19:49.758  INFO 4056 --- [localhost-startStop-1] o.s.b.w.servlet.FilterRegistrationBean   : Mapping filter: 'requestContextFilter' to: [/*]
2018-06-27 22:19:49.952  INFO 4056 --- [restartedMain] o.s.w.s.handler.SimpleUrlHandlerMapping  : Mapped URL path [/**/favicon.ico] onto handler of type [class org.springframework.web.servlet.resource.ResourceHttpRequestHandler]
2018-06-27 22:19:50.262  INFO 4056 --- [restartedMain] s.w.s.m.m.a.RequestMappingHandlerAdapter : Looking for @ControllerAdvice: org.springframework.boot.web.servlet.context.AnnotationConfigServletWebServerApplicationContext@6170ece7: startup date [Wed Jun 27 22:19:47 CST 2018]; root of context hierarchy
2018-06-27 22:19:50.318  INFO 4056 --- [restartedMain] s.w.s.m.m.a.RequestMappingHandlerMapping : Mapped "{[/error]}" onto public java.lang.String com.eee27go.gotech.Controller.CoreController.CoreErrorController.error(javax.servlet.http.HttpServletRequest)
2018-06-27 22:19:50.318  INFO 4056 --- [restartedMain] s.w.s.m.m.a.RequestMappingHandlerMapping : Mapped "{[/start]}" onto public java.lang.String com.eee27go.gotech.FuckController.hello(javax.servlet.http.HttpServletRequest)
2018-06-27 22:19:50.364  INFO 4056 --- [restartedMain] o.s.w.s.handler.SimpleUrlHandlerMapping  : Mapped URL path [/webjars/**] onto handler of type [class org.springframework.web.servlet.resource.ResourceHttpRequestHandler]
2018-06-27 22:19:50.364  INFO 4056 --- [restartedMain] o.s.w.s.handler.SimpleUrlHandlerMapping  : Mapped URL path [/**] onto handler of type [class org.springframework.web.servlet.resource.ResourceHttpRequestHandler]
2018-06-27 22:19:50.413  INFO 4056 --- [restartedMain] o.s.b.a.w.s.WelcomePageHandlerMapping    : Adding welcome page: class path resource [static/index.html]
2018-06-27 22:19:50.965  INFO 4056 --- [restartedMain] o.s.b.d.a.OptionalLiveReloadServer       : LiveReload server is running on port 35729
2018-06-27 22:19:50.986  INFO 4056 --- [restartedMain] o.s.j.e.a.AnnotationMBeanExporter        : Registering beans for JMX exposure on startup
2018-06-27 22:19:50.988  INFO 4056 --- [restartedMain] o.s.j.e.a.AnnotationMBeanExporter        : Bean with name 'dataSource' has been autodetected for JMX exposure
2018-06-27 22:19:50.992  INFO 4056 --- [restartedMain] o.s.j.e.a.AnnotationMBeanExporter        : Located MBean 'dataSource': registering with JMX server as MBean [com.zaxxer.hikari:name=dataSource,type=HikariDataSource]
2018-06-27 22:19:51.023  INFO 4056 --- [restartedMain] o.s.b.w.embedded.tomcat.TomcatWebServer  : Tomcat started on port(s): 27270 (http) with context path ''
2018-06-27 22:19:51.027  INFO 4056 --- [restartedMain] com.eee27go.gotech.GotechApplication     : Started GotechApplication in 3.792 seconds (JVM running for 4.661)
2018-06-27 22:19:53.793  INFO 4056 --- [http-nio-27270-exec-1] o.a.c.c.C.[Tomcat].[localhost].[/]       : Initializing Spring FrameworkServlet 'dispatcherServlet'
2018-06-27 22:19:53.793  INFO 4056 --- [http-nio-27270-exec-1] o.s.web.servlet.DispatcherServlet        : FrameworkServlet 'dispatcherServlet': initialization started
2018-06-27 22:19:53.818  INFO 4056 --- [http-nio-27270-exec-1] o.s.web.servlet.DispatcherServlet        : FrameworkServlet 'dispatcherServlet': initialization completed in 25 ms
2018-06-27 22:21:31.246  INFO 9088 --- [restartedMain] com.eee27go.gotech.GotechApplication     : Starting GotechApplication on eee27-PC with PID 9088 (E:\WorkSpace\web\gotech\out\production\classes started by eee27 in E:\WorkSpace\web\gotech)
2018-06-27 22:21:31.247  INFO 9088 --- [restartedMain] com.eee27go.gotech.GotechApplication     : No active profile set, falling back to default profiles: default
2018-06-27 22:21:31.310  INFO 9088 --- [restartedMain] ConfigServletWebServerApplicationContext : Refreshing org.springframework.boot.web.servlet.context.AnnotationConfigServletWebServerApplicationContext@55e8041b: startup date [Wed Jun 27 22:21:31 CST 2018]; root of context hierarchy
2018-06-27 22:21:32.029  WARN 9088 --- [restartedMain] o.m.s.mapper.ClassPathMapperScanner      : No MyBatis mapper was found in '[com.eee27go.gotech]' package. Please check your configuration.
2018-06-27 22:21:32.893  INFO 9088 --- [restartedMain] o.s.b.w.embedded.tomcat.TomcatWebServer  : Tomcat initialized with port(s): 27270 (http)
2018-06-27 22:21:32.916  INFO 9088 --- [restartedMain] o.apache.catalina.core.StandardService   : Starting service [Tomcat]
2018-06-27 22:21:32.916  INFO 9088 --- [restartedMain] org.apache.catalina.core.StandardEngine  : Starting Servlet Engine: Apache Tomcat/8.5.31
2018-06-27 22:21:32.919  INFO 9088 --- [localhost-startStop-1] o.a.catalina.core.AprLifecycleListener   : The APR based Apache Tomcat Native library which allows optimal performance in production environments was not found on the java.library.path: [D:\Program Files\Java\jdk1.8.0_112\bin;C:\WINDOWS\Sun\Java\bin;C:\WINDOWS\system32;C:\WINDOWS;C:\Program Files (x86)\Common Files\Oracle\Java\javapath;C:\ProgramData\Oracle\Java\javapath;C:\WINDOWS\system32;C:\WINDOWS;C:\WINDOWS\System32\Wbem;C:\WINDOWS\System32\WindowsPowerShell\v1.0\;C:\Program Files (x86)\NVIDIA Corporation\PhysX\Common;C:\Program Files\Microsoft SQL Server\130\Tools\Binn\;C:\Program Files (x86)\GtkSharp\2.12\bin;C:\Program Files\dotnet\;C:\WINDOWS\system32;C:\WINDOWS;C:\WINDOWS\System32\Wbem;C:\WINDOWS\System32\WindowsPowerShell\v1.0\;C:\WINDOWS\System32\OpenSSH\;C:\Program Files\Git\cmd;C:\Users\eee27\AppData\Local\Microsoft\WindowsApps;;C:\Program Files (x86)\Microsoft VS Code\bin;.]
2018-06-27 22:21:33.022  INFO 9088 --- [localhost-startStop-1] o.a.c.c.C.[Tomcat].[localhost].[/]       : Initializing Spring embedded WebApplicationContext
2018-06-27 22:21:33.023  INFO 9088 --- [localhost-startStop-1] o.s.web.context.ContextLoader            : Root WebApplicationContext: initialization completed in 1713 ms
2018-06-27 22:21:33.177  INFO 9088 --- [localhost-startStop-1] o.s.b.w.servlet.ServletRegistrationBean  : Servlet dispatcherServlet mapped to [/]
2018-06-27 22:21:33.181  INFO 9088 --- [localhost-startStop-1] o.s.b.w.servlet.FilterRegistrationBean   : Mapping filter: 'characterEncodingFilter' to: [/*]
2018-06-27 22:21:33.181  INFO 9088 --- [localhost-startStop-1] o.s.b.w.servlet.FilterRegistrationBean   : Mapping filter: 'hiddenHttpMethodFilter' to: [/*]
2018-06-27 22:21:33.181  INFO 9088 --- [localhost-startStop-1] o.s.b.w.servlet.FilterRegistrationBean   : Mapping filter: 'httpPutFormContentFilter' to: [/*]
2018-06-27 22:21:33.181  INFO 9088 --- [localhost-startStop-1] o.s.b.w.servlet.FilterRegistrationBean   : Mapping filter: 'requestContextFilter' to: [/*]
2018-06-27 22:21:33.363  INFO 9088 --- [restartedMain] o.s.w.s.handler.SimpleUrlHandlerMapping  : Mapped URL path [/**/favicon.ico] onto handler of type [class org.springframework.web.servlet.resource.ResourceHttpRequestHandler]
2018-06-27 22:21:33.703  INFO 9088 --- [restartedMain] s.w.s.m.m.a.RequestMappingHandlerAdapter : Looking for @ControllerAdvice: org.springframework.boot.web.servlet.context.AnnotationConfigServletWebServerApplicationContext@55e8041b: startup date [Wed Jun 27 22:21:31 CST 2018]; root of context hierarchy
2018-06-27 22:21:33.763  INFO 9088 --- [restartedMain] s.w.s.m.m.a.RequestMappingHandlerMapping : Mapped "{[/error]}" onto public java.lang.String com.eee27go.gotech.Controller.CoreController.CoreErrorController.error(javax.servlet.http.HttpServletRequest)
2018-06-27 22:21:33.764  INFO 9088 --- [restartedMain] s.w.s.m.m.a.RequestMappingHandlerMapping : Mapped "{[/start]}" onto public java.lang.String com.eee27go.gotech.FuckController.hello(javax.servlet.http.HttpServletRequest)
2018-06-27 22:21:33.808  INFO 9088 --- [restartedMain] o.s.w.s.handler.SimpleUrlHandlerMapping  : Mapped URL path [/webjars/**] onto handler of type [class org.springframework.web.servlet.resource.ResourceHttpRequestHandler]
2018-06-27 22:21:33.809  INFO 9088 --- [restartedMain] o.s.w.s.handler.SimpleUrlHandlerMapping  : Mapped URL path [/**] onto handler of type [class org.springframework.web.servlet.resource.ResourceHttpRequestHandler]
2018-06-27 22:21:33.858  INFO 9088 --- [restartedMain] o.s.b.a.w.s.WelcomePageHandlerMapping    : Adding welcome page: class path resource [static/index.html]
2018-06-27 22:21:34.376  INFO 9088 --- [restartedMain] o.s.b.d.a.OptionalLiveReloadServer       : LiveReload server is running on port 35729
2018-06-27 22:21:34.399  INFO 9088 --- [restartedMain] o.s.j.e.a.AnnotationMBeanExporter        : Registering beans for JMX exposure on startup
2018-06-27 22:21:34.400  INFO 9088 --- [restartedMain] o.s.j.e.a.AnnotationMBeanExporter        : Bean with name 'dataSource' has been autodetected for JMX exposure
2018-06-27 22:21:34.404  INFO 9088 --- [restartedMain] o.s.j.e.a.AnnotationMBeanExporter        : Located MBean 'dataSource': registering with JMX server as MBean [com.zaxxer.hikari:name=dataSource,type=HikariDataSource]
2018-06-27 22:21:34.437  INFO 9088 --- [restartedMain] o.s.b.w.embedded.tomcat.TomcatWebServer  : Tomcat started on port(s): 27270 (http) with context path ''
2018-06-27 22:21:34.441  INFO 9088 --- [restartedMain] com.eee27go.gotech.GotechApplication     : Started GotechApplication in 3.696 seconds (JVM running for 4.592)
2018-06-27 22:21:41.514  INFO 9088 --- [http-nio-27270-exec-1] o.a.c.c.C.[Tomcat].[localhost].[/]       : Initializing Spring FrameworkServlet 'dispatcherServlet'
2018-06-27 22:21:41.514  INFO 9088 --- [http-nio-27270-exec-1] o.s.web.servlet.DispatcherServlet        : FrameworkServlet 'dispatcherServlet': initialization started
2018-06-27 22:21:41.535  INFO 9088 --- [http-nio-27270-exec-1] o.s.web.servlet.DispatcherServlet        : FrameworkServlet 'dispatcherServlet': initialization completed in 20 ms
2018-06-27 22:24:14.283  INFO 10152 --- [restartedMain] com.eee27go.gotech.GotechApplication     : Starting GotechApplication on eee27-PC with PID 10152 (E:\WorkSpace\web\gotech\out\production\classes started by eee27 in E:\WorkSpace\web\gotech)
2018-06-27 22:24:14.284  INFO 10152 --- [restartedMain] com.eee27go.gotech.GotechApplication     : No active profile set, falling back to default profiles: default
2018-06-27 22:24:14.334  INFO 10152 --- [restartedMain] ConfigServletWebServerApplicationContext : Refreshing org.springframework.boot.web.servlet.context.AnnotationConfigServletWebServerApplicationContext@34a1c16e: startup date [Wed Jun 27 22:24:14 CST 2018]; root of context hierarchy
2018-06-27 22:24:15.276  WARN 10152 --- [restartedMain] o.m.s.mapper.ClassPathMapperScanner      : No MyBatis mapper was found in '[com.eee27go.gotech]' package. Please check your configuration.
2018-06-27 22:24:16.147  INFO 10152 --- [restartedMain] o.s.b.w.embedded.tomcat.TomcatWebServer  : Tomcat initialized with port(s): 27270 (http)
2018-06-27 22:24:16.171  INFO 10152 --- [restartedMain] o.apache.catalina.core.StandardService   : Starting service [Tomcat]
2018-06-27 22:24:16.172  INFO 10152 --- [restartedMain] org.apache.catalina.core.StandardEngine  : Starting Servlet Engine: Apache Tomcat/8.5.31
2018-06-27 22:24:16.174  INFO 10152 --- [localhost-startStop-1] o.a.catalina.core.AprLifecycleListener   : The APR based Apache Tomcat Native library which allows optimal performance in production environments was not found on the java.library.path: [D:\Program Files\Java\jdk1.8.0_112\bin;C:\WINDOWS\Sun\Java\bin;C:\WINDOWS\system32;C:\WINDOWS;C:\Program Files (x86)\Common Files\Oracle\Java\javapath;C:\ProgramData\Oracle\Java\javapath;C:\WINDOWS\system32;C:\WINDOWS;C:\WINDOWS\System32\Wbem;C:\WINDOWS\System32\WindowsPowerShell\v1.0\;C:\Program Files (x86)\NVIDIA Corporation\PhysX\Common;C:\Program Files\Microsoft SQL Server\130\Tools\Binn\;C:\Program Files (x86)\GtkSharp\2.12\bin;C:\Program Files\dotnet\;C:\WINDOWS\system32;C:\WINDOWS;C:\WINDOWS\System32\Wbem;C:\WINDOWS\System32\WindowsPowerShell\v1.0\;C:\WINDOWS\System32\OpenSSH\;C:\Program Files\Git\cmd;C:\Users\eee27\AppData\Local\Microsoft\WindowsApps;;C:\Program Files (x86)\Microsoft VS Code\bin;.]
2018-06-27 22:24:16.280  INFO 10152 --- [localhost-startStop-1] o.a.c.c.C.[Tomcat].[localhost].[/]       : Initializing Spring embedded WebApplicationContext
2018-06-27 22:24:16.281  INFO 10152 --- [localhost-startStop-1] o.s.web.context.ContextLoader            : Root WebApplicationContext: initialization completed in 1946 ms
2018-06-27 22:24:16.446  INFO 10152 --- [localhost-startStop-1] o.s.b.w.servlet.ServletRegistrationBean  : Servlet dispatcherServlet mapped to [/]
2018-06-27 22:24:16.452  INFO 10152 --- [localhost-startStop-1] o.s.b.w.servlet.FilterRegistrationBean   : Mapping filter: 'characterEncodingFilter' to: [/*]
2018-06-27 22:24:16.452  INFO 10152 --- [localhost-startStop-1] o.s.b.w.servlet.FilterRegistrationBean   : Mapping filter: 'hiddenHttpMethodFilter' to: [/*]
2018-06-27 22:24:16.452  INFO 10152 --- [localhost-startStop-1] o.s.b.w.servlet.FilterRegistrationBean   : Mapping filter: 'httpPutFormContentFilter' to: [/*]
2018-06-27 22:24:16.452  INFO 10152 --- [localhost-startStop-1] o.s.b.w.servlet.FilterRegistrationBean   : Mapping filter: 'requestContextFilter' to: [/*]
2018-06-27 22:24:16.634  INFO 10152 --- [restartedMain] o.s.w.s.handler.SimpleUrlHandlerMapping  : Mapped URL path [/**/favicon.ico] onto handler of type [class org.springframework.web.servlet.resource.ResourceHttpRequestHandler]
2018-06-27 22:24:16.940  INFO 10152 --- [restartedMain] s.w.s.m.m.a.RequestMappingHandlerAdapter : Looking for @ControllerAdvice: org.springframework.boot.web.servlet.context.AnnotationConfigServletWebServerApplicationContext@34a1c16e: startup date [Wed Jun 27 22:24:14 CST 2018]; root of context hierarchy
2018-06-27 22:24:16.993  INFO 10152 --- [restartedMain] s.w.s.m.m.a.RequestMappingHandlerMapping : Mapped "{[/error]}" onto public java.lang.String com.eee27go.gotech.Controller.CoreController.CoreErrorController.error(javax.servlet.http.HttpServletRequest)
2018-06-27 22:24:16.994  INFO 10152 --- [restartedMain] s.w.s.m.m.a.RequestMappingHandlerMapping : Mapped "{[/start]}" onto public java.lang.String com.eee27go.gotech.FuckController.hello(javax.servlet.http.HttpServletRequest)
2018-06-27 22:24:17.041  INFO 10152 --- [restartedMain] o.s.w.s.handler.SimpleUrlHandlerMapping  : Mapped URL path [/webjars/**] onto handler of type [class org.springframework.web.servlet.resource.ResourceHttpRequestHandler]
2018-06-27 22:24:17.041  INFO 10152 --- [restartedMain] o.s.w.s.handler.SimpleUrlHandlerMapping  : Mapped URL path [/**] onto handler of type [class org.springframework.web.servlet.resource.ResourceHttpRequestHandler]
2018-06-27 22:24:17.092  INFO 10152 --- [restartedMain] o.s.b.a.w.s.WelcomePageHandlerMapping    : Adding welcome page: class path resource [static/index.html]
2018-06-27 22:24:17.620  INFO 10152 --- [restartedMain] o.s.b.d.a.OptionalLiveReloadServer       : LiveReload server is running on port 35729
2018-06-27 22:24:17.643  INFO 10152 --- [restartedMain] o.s.j.e.a.AnnotationMBeanExporter        : Registering beans for JMX exposure on startup
2018-06-27 22:24:17.644  INFO 10152 --- [restartedMain] o.s.j.e.a.AnnotationMBeanExporter        : Bean with name 'dataSource' has been autodetected for JMX exposure
2018-06-27 22:24:17.648  INFO 10152 --- [restartedMain] o.s.j.e.a.AnnotationMBeanExporter        : Located MBean 'dataSource': registering with JMX server as MBean [com.zaxxer.hikari:name=dataSource,type=HikariDataSource]
2018-06-27 22:24:17.680  INFO 10152 --- [restartedMain] o.s.b.w.embedded.tomcat.TomcatWebServer  : Tomcat started on port(s): 27270 (http) with context path ''
2018-06-27 22:24:17.684  INFO 10152 --- [restartedMain] com.eee27go.gotech.GotechApplication     : Started GotechApplication in 3.936 seconds (JVM running for 4.99)
2018-06-27 22:24:19.384  INFO 10152 --- [http-nio-27270-exec-1] o.a.c.c.C.[Tomcat].[localhost].[/]       : Initializing Spring FrameworkServlet 'dispatcherServlet'
2018-06-27 22:24:19.385  INFO 10152 --- [http-nio-27270-exec-1] o.s.web.servlet.DispatcherServlet        : FrameworkServlet 'dispatcherServlet': initialization started
2018-06-27 22:24:19.412  INFO 10152 --- [http-nio-27270-exec-1] o.s.web.servlet.DispatcherServlet        : FrameworkServlet 'dispatcherServlet': initialization completed in 27 ms
